<?xml version="1.0" encoding="UTF-8"?>
<testsuite xmlns:xsi="http://www.w3.org/2001/XMLSchema-instance" xsi:noNamespaceSchemaLocation="https://maven.apache.org/surefire/maven-surefire-plugin/xsd/surefire-test-report-3.0.xsd" version="3.0" name="TestSuite" time="21.644" tests="4" errors="0" skipped="0" failures="0">
  <properties>
    <property name="gopherProxySet" value="false"/>
    <property name="awt.toolkit" value="sun.lwawt.macosx.LWCToolkit"/>
    <property name="file.encoding.pkg" value="sun.io"/>
    <property name="java.specification.version" value="1.8"/>
    <property name="sun.cpu.isalist" value=""/>
    <property name="sun.jnu.encoding" value="UTF-8"/>
    <property name="java.class.path" value="/Users/sagardodia/hintmd/reassuredwithmevanjava/target/test-classes:/Users/sagardodia/hintmd/reassuredwithmevanjava/target/classes:/Users/sagardodia/.m2/repository/io/rest-assured/rest-assured/3.3.0/rest-assured-3.3.0.jar:/Users/sagardodia/.m2/repository/org/codehaus/groovy/groovy/2.4.15/groovy-2.4.15.jar:/Users/sagardodia/.m2/repository/org/codehaus/groovy/groovy-xml/2.4.15/groovy-xml-2.4.15.jar:/Users/sagardodia/.m2/repository/org/apache/httpcomponents/httpclient/4.5.3/httpclient-4.5.3.jar:/Users/sagardodia/.m2/repository/org/apache/httpcomponents/httpcore/4.4.6/httpcore-4.4.6.jar:/Users/sagardodia/.m2/repository/org/apache/httpcomponents/httpmime/4.5.3/httpmime-4.5.3.jar:/Users/sagardodia/.m2/repository/org/hamcrest/hamcrest-core/1.3/hamcrest-core-1.3.jar:/Users/sagardodia/.m2/repository/org/hamcrest/hamcrest-library/1.3/hamcrest-library-1.3.jar:/Users/sagardodia/.m2/repository/org/ccil/cowan/tagsoup/tagsoup/1.2.1/tagsoup-1.2.1.jar:/Users/sagardodia/.m2/repository/org/codehaus/groovy/groovy-all/2.4.5/groovy-all-2.4.5.jar:/Users/sagardodia/.m2/repository/io/rest-assured/json-path/3.3.0/json-path-3.3.0.jar:/Users/sagardodia/.m2/repository/org/codehaus/groovy/groovy-json/2.4.15/groovy-json-2.4.15.jar:/Users/sagardodia/.m2/repository/io/rest-assured/rest-assured-common/3.3.0/rest-assured-common-3.3.0.jar:/Users/sagardodia/.m2/repository/io/rest-assured/xml-path/3.3.0/xml-path-3.3.0.jar:/Users/sagardodia/.m2/repository/org/apache/commons/commons-lang3/3.4/commons-lang3-3.4.jar:/Users/sagardodia/.m2/repository/javax/xml/bind/jaxb-api/2.2.12/jaxb-api-2.2.12.jar:/Users/sagardodia/.m2/repository/com/sun/xml/bind/jaxb-osgi/2.2.10/jaxb-osgi-2.2.10.jar:/Users/sagardodia/.m2/repository/org/apache/sling/org.apache.sling.javax.activation/0.1.0/org.apache.sling.javax.activation-0.1.0.jar:/Users/sagardodia/.m2/repository/javax/activation/activation/1.1.1/activation-1.1.1.jar:/Users/sagardodia/.m2/repository/io/rest-assured/json-schema-validator/3.3.0/json-schema-validator-3.3.0.jar:/Users/sagardodia/.m2/repository/com/github/java-json-tools/json-schema-validator/2.2.10/json-schema-validator-2.2.10.jar:/Users/sagardodia/.m2/repository/com/github/java-json-tools/json-schema-core/1.2.10/json-schema-core-1.2.10.jar:/Users/sagardodia/.m2/repository/com/github/java-json-tools/jackson-coreutils/1.9/jackson-coreutils-1.9.jar:/Users/sagardodia/.m2/repository/com/fasterxml/jackson/core/jackson-databind/2.2.3/jackson-databind-2.2.3.jar:/Users/sagardodia/.m2/repository/com/fasterxml/jackson/core/jackson-annotations/2.2.3/jackson-annotations-2.2.3.jar:/Users/sagardodia/.m2/repository/com/fasterxml/jackson/core/jackson-core/2.2.3/jackson-core-2.2.3.jar:/Users/sagardodia/.m2/repository/com/google/guava/guava/16.0.1/guava-16.0.1.jar:/Users/sagardodia/.m2/repository/com/github/fge/msg-simple/1.1/msg-simple-1.1.jar:/Users/sagardodia/.m2/repository/com/github/fge/btf/1.2/btf-1.2.jar:/Users/sagardodia/.m2/repository/com/github/fge/uri-template/0.9/uri-template-0.9.jar:/Users/sagardodia/.m2/repository/org/mozilla/rhino/1.7.7.1/rhino-1.7.7.1.jar:/Users/sagardodia/.m2/repository/javax/mail/mailapi/1.4.3/mailapi-1.4.3.jar:/Users/sagardodia/.m2/repository/joda-time/joda-time/2.9.7/joda-time-2.9.7.jar:/Users/sagardodia/.m2/repository/com/googlecode/libphonenumber/libphonenumber/8.0.0/libphonenumber-8.0.0.jar:/Users/sagardodia/.m2/repository/com/google/code/findbugs/jsr305/3.0.1/jsr305-3.0.1.jar:/Users/sagardodia/.m2/repository/net/sf/jopt-simple/jopt-simple/5.0.3/jopt-simple-5.0.3.jar:/Users/sagardodia/.m2/repository/org/testng/testng/6.14.3/testng-6.14.3.jar:/Users/sagardodia/.m2/repository/com/beust/jcommander/1.72/jcommander-1.72.jar:/Users/sagardodia/.m2/repository/org/apache-extras/beanshell/bsh/2.0b6/bsh-2.0b6.jar:/Users/sagardodia/.m2/repository/org/apache/logging/log4j/log4j-api/2.11.2/log4j-api-2.11.2.jar:/Users/sagardodia/.m2/repository/org/apache/logging/log4j/log4j-core/2.11.2/log4j-core-2.11.2.jar:/Users/sagardodia/.m2/repository/org/apache/poi/poi-ooxml/3.17/poi-ooxml-3.17.jar:/Users/sagardodia/.m2/repository/org/apache/poi/poi-ooxml-schemas/3.17/poi-ooxml-schemas-3.17.jar:/Users/sagardodia/.m2/repository/org/apache/xmlbeans/xmlbeans/2.6.0/xmlbeans-2.6.0.jar:/Users/sagardodia/.m2/repository/stax/stax-api/1.0.1/stax-api-1.0.1.jar:/Users/sagardodia/.m2/repository/com/github/virtuald/curvesapi/1.04/curvesapi-1.04.jar:/Users/sagardodia/.m2/repository/org/apache/poi/poi/3.17/poi-3.17.jar:/Users/sagardodia/.m2/repository/commons-codec/commons-codec/1.10/commons-codec-1.10.jar:/Users/sagardodia/.m2/repository/org/apache/commons/commons-collections4/4.1/commons-collections4-4.1.jar:/Users/sagardodia/.m2/repository/org/codehaus/jackson/jackson-jaxrs/1.9.13/jackson-jaxrs-1.9.13.jar:/Users/sagardodia/.m2/repository/org/codehaus/jackson/jackson-core-asl/1.9.13/jackson-core-asl-1.9.13.jar:/Users/sagardodia/.m2/repository/org/codehaus/jackson/jackson-mapper-asl/1.9.13/jackson-mapper-asl-1.9.13.jar:/Users/sagardodia/.m2/repository/org/springframework/spring-test/4.1.6.RELEASE/spring-test-4.1.6.RELEASE.jar:/Users/sagardodia/.m2/repository/org/springframework/spring-core/4.1.6.RELEASE/spring-core-4.1.6.RELEASE.jar:/Users/sagardodia/.m2/repository/org/springframework/spring-context/4.1.6.RELEASE/spring-context-4.1.6.RELEASE.jar:/Users/sagardodia/.m2/repository/org/springframework/spring-aop/4.1.6.RELEASE/spring-aop-4.1.6.RELEASE.jar:/Users/sagardodia/.m2/repository/aopalliance/aopalliance/1.0/aopalliance-1.0.jar:/Users/sagardodia/.m2/repository/org/springframework/spring-beans/4.1.6.RELEASE/spring-beans-4.1.6.RELEASE.jar:/Users/sagardodia/.m2/repository/org/springframework/spring-expression/4.1.6.RELEASE/spring-expression-4.1.6.RELEASE.jar:/Users/sagardodia/.m2/repository/org/springframework/spring-web/4.1.6.RELEASE/spring-web-4.1.6.RELEASE.jar:/Users/sagardodia/.m2/repository/org/unitils/unitils/2.2/unitils-2.2.jar:/Users/sagardodia/.m2/repository/commons-logging/commons-logging/1.1/commons-logging-1.1.jar:/Users/sagardodia/.m2/repository/commons-dbcp/commons-dbcp/1.2.2/commons-dbcp-1.2.2.jar:/Users/sagardodia/.m2/repository/commons-pool/commons-pool/1.3/commons-pool-1.3.jar:/Users/sagardodia/.m2/repository/commons-lang/commons-lang/2.3/commons-lang-2.3.jar:/Users/sagardodia/.m2/repository/commons-collections/commons-collections/3.2/commons-collections-3.2.jar:/Users/sagardodia/.m2/repository/ognl/ognl/2.6.9/ognl-2.6.9.jar:/Users/sagardodia/.m2/repository/ant/ant/1.6.5/ant-1.6.5.jar:/Users/sagardodia/.m2/repository/org/codehaus/jackson/jackson-xc/1.9.13/jackson-xc-1.9.13.jar:/Users/sagardodia/.m2/repository/org/slf4j/slf4j-api/1.7.21/slf4j-api-1.7.21.jar:/Users/sagardodia/.m2/repository/org/springframework/javaconfig/spring-javaconfig/1.0.0.m3/spring-javaconfig-1.0.0.m3.jar:/Users/sagardodia/.m2/repository/cglib/cglib-nodep/2.1_3/cglib-nodep-2.1_3.jar:/Users/sagardodia/.m2/repository/org/json/json/20180813/json-20180813.jar:/Users/sagardodia/.m2/repository/au/com/bytecode/opencsv/2.4/opencsv-2.4.jar:/Users/sagardodia/.m2/repository/javax/ws/rs/javax.ws.rs-api/2.1/javax.ws.rs-api-2.1.jar:/Users/sagardodia/.m2/repository/org/mockito/mockito-all/1.9.5/mockito-all-1.9.5.jar:"/>
    <property name="java.vm.vendor" value="Oracle Corporation"/>
    <property name="sun.arch.data.model" value="64"/>
    <property name="java.vendor.url" value="http://java.oracle.com/"/>
    <property name="user.timezone" value=""/>
    <property name="java.vm.specification.version" value="1.8"/>
    <property name="os.name" value="Mac OS X"/>
    <property name="user.country" value="US"/>
    <property name="sun.java.launcher" value="SUN_STANDARD"/>
    <property name="sun.boot.library.path" value="/Library/Java/JavaVirtualMachines/jdk1.8.0_201.jdk/Contents/Home/jre/lib"/>
    <property name="sun.java.command" value="/Users/sagardodia/hintmd/reassuredwithmevanjava/target/surefire/surefirebooter7195651281013069190.jar /Users/sagardodia/hintmd/reassuredwithmevanjava/target/surefire 2019-04-11T14-06-22_701-jvmRun1 surefire7461643953839367583tmp surefire_04346317660123053964tmp"/>
    <property name="http.nonProxyHosts" value="local|*.local|169.254/16|*.169.254/16"/>
    <property name="surefire.test.class.path" value="/Users/sagardodia/hintmd/reassuredwithmevanjava/target/test-classes:/Users/sagardodia/hintmd/reassuredwithmevanjava/target/classes:/Users/sagardodia/.m2/repository/io/rest-assured/rest-assured/3.3.0/rest-assured-3.3.0.jar:/Users/sagardodia/.m2/repository/org/codehaus/groovy/groovy/2.4.15/groovy-2.4.15.jar:/Users/sagardodia/.m2/repository/org/codehaus/groovy/groovy-xml/2.4.15/groovy-xml-2.4.15.jar:/Users/sagardodia/.m2/repository/org/apache/httpcomponents/httpclient/4.5.3/httpclient-4.5.3.jar:/Users/sagardodia/.m2/repository/org/apache/httpcomponents/httpcore/4.4.6/httpcore-4.4.6.jar:/Users/sagardodia/.m2/repository/org/apache/httpcomponents/httpmime/4.5.3/httpmime-4.5.3.jar:/Users/sagardodia/.m2/repository/org/hamcrest/hamcrest-core/1.3/hamcrest-core-1.3.jar:/Users/sagardodia/.m2/repository/org/hamcrest/hamcrest-library/1.3/hamcrest-library-1.3.jar:/Users/sagardodia/.m2/repository/org/ccil/cowan/tagsoup/tagsoup/1.2.1/tagsoup-1.2.1.jar:/Users/sagardodia/.m2/repository/org/codehaus/groovy/groovy-all/2.4.5/groovy-all-2.4.5.jar:/Users/sagardodia/.m2/repository/io/rest-assured/json-path/3.3.0/json-path-3.3.0.jar:/Users/sagardodia/.m2/repository/org/codehaus/groovy/groovy-json/2.4.15/groovy-json-2.4.15.jar:/Users/sagardodia/.m2/repository/io/rest-assured/rest-assured-common/3.3.0/rest-assured-common-3.3.0.jar:/Users/sagardodia/.m2/repository/io/rest-assured/xml-path/3.3.0/xml-path-3.3.0.jar:/Users/sagardodia/.m2/repository/org/apache/commons/commons-lang3/3.4/commons-lang3-3.4.jar:/Users/sagardodia/.m2/repository/javax/xml/bind/jaxb-api/2.2.12/jaxb-api-2.2.12.jar:/Users/sagardodia/.m2/repository/com/sun/xml/bind/jaxb-osgi/2.2.10/jaxb-osgi-2.2.10.jar:/Users/sagardodia/.m2/repository/org/apache/sling/org.apache.sling.javax.activation/0.1.0/org.apache.sling.javax.activation-0.1.0.jar:/Users/sagardodia/.m2/repository/javax/activation/activation/1.1.1/activation-1.1.1.jar:/Users/sagardodia/.m2/repository/io/rest-assured/json-schema-validator/3.3.0/json-schema-validator-3.3.0.jar:/Users/sagardodia/.m2/repository/com/github/java-json-tools/json-schema-validator/2.2.10/json-schema-validator-2.2.10.jar:/Users/sagardodia/.m2/repository/com/github/java-json-tools/json-schema-core/1.2.10/json-schema-core-1.2.10.jar:/Users/sagardodia/.m2/repository/com/github/java-json-tools/jackson-coreutils/1.9/jackson-coreutils-1.9.jar:/Users/sagardodia/.m2/repository/com/fasterxml/jackson/core/jackson-databind/2.2.3/jackson-databind-2.2.3.jar:/Users/sagardodia/.m2/repository/com/fasterxml/jackson/core/jackson-annotations/2.2.3/jackson-annotations-2.2.3.jar:/Users/sagardodia/.m2/repository/com/fasterxml/jackson/core/jackson-core/2.2.3/jackson-core-2.2.3.jar:/Users/sagardodia/.m2/repository/com/google/guava/guava/16.0.1/guava-16.0.1.jar:/Users/sagardodia/.m2/repository/com/github/fge/msg-simple/1.1/msg-simple-1.1.jar:/Users/sagardodia/.m2/repository/com/github/fge/btf/1.2/btf-1.2.jar:/Users/sagardodia/.m2/repository/com/github/fge/uri-template/0.9/uri-template-0.9.jar:/Users/sagardodia/.m2/repository/org/mozilla/rhino/1.7.7.1/rhino-1.7.7.1.jar:/Users/sagardodia/.m2/repository/javax/mail/mailapi/1.4.3/mailapi-1.4.3.jar:/Users/sagardodia/.m2/repository/joda-time/joda-time/2.9.7/joda-time-2.9.7.jar:/Users/sagardodia/.m2/repository/com/googlecode/libphonenumber/libphonenumber/8.0.0/libphonenumber-8.0.0.jar:/Users/sagardodia/.m2/repository/com/google/code/findbugs/jsr305/3.0.1/jsr305-3.0.1.jar:/Users/sagardodia/.m2/repository/net/sf/jopt-simple/jopt-simple/5.0.3/jopt-simple-5.0.3.jar:/Users/sagardodia/.m2/repository/org/testng/testng/6.14.3/testng-6.14.3.jar:/Users/sagardodia/.m2/repository/com/beust/jcommander/1.72/jcommander-1.72.jar:/Users/sagardodia/.m2/repository/org/apache-extras/beanshell/bsh/2.0b6/bsh-2.0b6.jar:/Users/sagardodia/.m2/repository/org/apache/logging/log4j/log4j-api/2.11.2/log4j-api-2.11.2.jar:/Users/sagardodia/.m2/repository/org/apache/logging/log4j/log4j-core/2.11.2/log4j-core-2.11.2.jar:/Users/sagardodia/.m2/repository/org/apache/poi/poi-ooxml/3.17/poi-ooxml-3.17.jar:/Users/sagardodia/.m2/repository/org/apache/poi/poi-ooxml-schemas/3.17/poi-ooxml-schemas-3.17.jar:/Users/sagardodia/.m2/repository/org/apache/xmlbeans/xmlbeans/2.6.0/xmlbeans-2.6.0.jar:/Users/sagardodia/.m2/repository/stax/stax-api/1.0.1/stax-api-1.0.1.jar:/Users/sagardodia/.m2/repository/com/github/virtuald/curvesapi/1.04/curvesapi-1.04.jar:/Users/sagardodia/.m2/repository/org/apache/poi/poi/3.17/poi-3.17.jar:/Users/sagardodia/.m2/repository/commons-codec/commons-codec/1.10/commons-codec-1.10.jar:/Users/sagardodia/.m2/repository/org/apache/commons/commons-collections4/4.1/commons-collections4-4.1.jar:/Users/sagardodia/.m2/repository/org/codehaus/jackson/jackson-jaxrs/1.9.13/jackson-jaxrs-1.9.13.jar:/Users/sagardodia/.m2/repository/org/codehaus/jackson/jackson-core-asl/1.9.13/jackson-core-asl-1.9.13.jar:/Users/sagardodia/.m2/repository/org/codehaus/jackson/jackson-mapper-asl/1.9.13/jackson-mapper-asl-1.9.13.jar:/Users/sagardodia/.m2/repository/org/springframework/spring-test/4.1.6.RELEASE/spring-test-4.1.6.RELEASE.jar:/Users/sagardodia/.m2/repository/org/springframework/spring-core/4.1.6.RELEASE/spring-core-4.1.6.RELEASE.jar:/Users/sagardodia/.m2/repository/org/springframework/spring-context/4.1.6.RELEASE/spring-context-4.1.6.RELEASE.jar:/Users/sagardodia/.m2/repository/org/springframework/spring-aop/4.1.6.RELEASE/spring-aop-4.1.6.RELEASE.jar:/Users/sagardodia/.m2/repository/aopalliance/aopalliance/1.0/aopalliance-1.0.jar:/Users/sagardodia/.m2/repository/org/springframework/spring-beans/4.1.6.RELEASE/spring-beans-4.1.6.RELEASE.jar:/Users/sagardodia/.m2/repository/org/springframework/spring-expression/4.1.6.RELEASE/spring-expression-4.1.6.RELEASE.jar:/Users/sagardodia/.m2/repository/org/springframework/spring-web/4.1.6.RELEASE/spring-web-4.1.6.RELEASE.jar:/Users/sagardodia/.m2/repository/org/unitils/unitils/2.2/unitils-2.2.jar:/Users/sagardodia/.m2/repository/commons-logging/commons-logging/1.1/commons-logging-1.1.jar:/Users/sagardodia/.m2/repository/commons-dbcp/commons-dbcp/1.2.2/commons-dbcp-1.2.2.jar:/Users/sagardodia/.m2/repository/commons-pool/commons-pool/1.3/commons-pool-1.3.jar:/Users/sagardodia/.m2/repository/commons-lang/commons-lang/2.3/commons-lang-2.3.jar:/Users/sagardodia/.m2/repository/commons-collections/commons-collections/3.2/commons-collections-3.2.jar:/Users/sagardodia/.m2/repository/ognl/ognl/2.6.9/ognl-2.6.9.jar:/Users/sagardodia/.m2/repository/ant/ant/1.6.5/ant-1.6.5.jar:/Users/sagardodia/.m2/repository/org/codehaus/jackson/jackson-xc/1.9.13/jackson-xc-1.9.13.jar:/Users/sagardodia/.m2/repository/org/slf4j/slf4j-api/1.7.21/slf4j-api-1.7.21.jar:/Users/sagardodia/.m2/repository/org/springframework/javaconfig/spring-javaconfig/1.0.0.m3/spring-javaconfig-1.0.0.m3.jar:/Users/sagardodia/.m2/repository/cglib/cglib-nodep/2.1_3/cglib-nodep-2.1_3.jar:/Users/sagardodia/.m2/repository/org/json/json/20180813/json-20180813.jar:/Users/sagardodia/.m2/repository/au/com/bytecode/opencsv/2.4/opencsv-2.4.jar:/Users/sagardodia/.m2/repository/javax/ws/rs/javax.ws.rs-api/2.1/javax.ws.rs-api-2.1.jar:/Users/sagardodia/.m2/repository/org/mockito/mockito-all/1.9.5/mockito-all-1.9.5.jar:"/>
    <property name="sun.cpu.endian" value="little"/>
    <property name="user.home" value="/Users/sagardodia"/>
    <property name="user.language" value="en"/>
    <property name="java.specification.vendor" value="Oracle Corporation"/>
    <property name="java.home" value="/Library/Java/JavaVirtualMachines/jdk1.8.0_201.jdk/Contents/Home/jre"/>
    <property name="basedir" value="/Users/sagardodia/hintmd/reassuredwithmevanjava"/>
    <property name="file.separator" value="/"/>
    <property name="line.separator" value="&#10;"/>
    <property name="java.vm.specification.vendor" value="Oracle Corporation"/>
    <property name="java.specification.name" value="Java Platform API Specification"/>
    <property name="java.awt.graphicsenv" value="sun.awt.CGraphicsEnvironment"/>
    <property name="surefire.real.class.path" value="/Users/sagardodia/hintmd/reassuredwithmevanjava/target/surefire/surefirebooter7195651281013069190.jar"/>
    <property name="sun.boot.class.path" value="/Library/Java/JavaVirtualMachines/jdk1.8.0_201.jdk/Contents/Home/jre/lib/resources.jar:/Library/Java/JavaVirtualMachines/jdk1.8.0_201.jdk/Contents/Home/jre/lib/rt.jar:/Library/Java/JavaVirtualMachines/jdk1.8.0_201.jdk/Contents/Home/jre/lib/sunrsasign.jar:/Library/Java/JavaVirtualMachines/jdk1.8.0_201.jdk/Contents/Home/jre/lib/jsse.jar:/Library/Java/JavaVirtualMachines/jdk1.8.0_201.jdk/Contents/Home/jre/lib/jce.jar:/Library/Java/JavaVirtualMachines/jdk1.8.0_201.jdk/Contents/Home/jre/lib/charsets.jar:/Library/Java/JavaVirtualMachines/jdk1.8.0_201.jdk/Contents/Home/jre/lib/jfr.jar:/Library/Java/JavaVirtualMachines/jdk1.8.0_201.jdk/Contents/Home/jre/classes"/>
    <property name="sun.management.compiler" value="HotSpot 64-Bit Tiered Compilers"/>
    <property name="ftp.nonProxyHosts" value="local|*.local|169.254/16|*.169.254/16"/>
    <property name="java.runtime.version" value="1.8.0_201-b09"/>
    <property name="user.name" value="sagardodia"/>
    <property name="path.separator" value=":"/>
    <property name="os.version" value="10.14.4"/>
    <property name="java.endorsed.dirs" value="/Library/Java/JavaVirtualMachines/jdk1.8.0_201.jdk/Contents/Home/jre/lib/endorsed"/>
    <property name="java.runtime.name" value="Java(TM) SE Runtime Environment"/>
    <property name="file.encoding" value="UTF-8"/>
    <property name="java.vm.name" value="Java HotSpot(TM) 64-Bit Server VM"/>
    <property name="localRepository" value="/Users/sagardodia/.m2/repository"/>
    <property name="java.vendor.url.bug" value="http://bugreport.sun.com/bugreport/"/>
    <property name="java.io.tmpdir" value="/var/folders/jc/hcbh21vn2mxcg1m9wm1j2b1h0000gn/T/"/>
    <property name="java.version" value="1.8.0_201"/>
    <property name="user.dir" value="/Users/sagardodia/hintmd/reassuredwithmevanjava"/>
    <property name="os.arch" value="x86_64"/>
    <property name="java.vm.specification.name" value="Java Virtual Machine Specification"/>
    <property name="java.awt.printerjob" value="sun.lwawt.macosx.CPrinterJob"/>
    <property name="sun.os.patch.level" value="unknown"/>
    <property name="java.library.path" value="/Users/sagardodia/Library/Java/Extensions:/Library/Java/Extensions:/Network/Library/Java/Extensions:/System/Library/Java/Extensions:/usr/lib/java:."/>
    <property name="java.vm.info" value="mixed mode"/>
    <property name="java.vendor" value="Oracle Corporation"/>
    <property name="java.vm.version" value="25.201-b09"/>
    <property name="java.ext.dirs" value="/Users/sagardodia/Library/Java/Extensions:/Library/Java/JavaVirtualMachines/jdk1.8.0_201.jdk/Contents/Home/jre/lib/ext:/Library/Java/Extensions:/Network/Library/Java/Extensions:/System/Library/Java/Extensions:/usr/lib/java"/>
    <property name="sun.io.unicode.encoding" value="UnicodeBig"/>
    <property name="java.class.version" value="52.0"/>
    <property name="socksNonProxyHosts" value="local|*.local|169.254/16|*.169.254/16"/>
  </properties>
  <testcase name="testReadJson" classname="restassuredtest.basicReadtest" time="2.629"/>
  <testcase name="testReadJson" classname="restassuredtest.basicReadtest" time="1.23"/>
  <testcase name="testReadJson" classname="restassuredtest.basicReadtest" time="1.441"/>
  <testcase name="basicAddBookTest" classname="restassuredtest.excelDriventest" time="1.112"/>
</testsuite>