<?xml version="1.0" encoding="UTF-8"?>
<!-- Generated by org.testng.reporters.JUnitReportReporter -->
<testsuite skipped="0" hostname="Sagars-MacBook-Pro.local" name="restassuredtest.excelDriventest" tests="1" failures="0" timestamp="11 Apr 2019 21:06:39 GMT" time="1.112" errors="0">
  <testcase name="basicAddBookTest" time="1.112" classname="restassuredtest.excelDriventest"/>
</testsuite> <!-- restassuredtest.excelDriventest -->
