<?xml version="1.0" encoding="UTF-8"?>
<!-- Generated by org.testng.reporters.JUnitReportReporter -->
<testsuite skipped="0" hostname="Sagars-MacBook-Pro.local" name="restassuredtest.basicReadtest" tests="3" failures="0" timestamp="11 Apr 2019 21:06:44 GMT" time="5.301" errors="0">
  <testcase name="testReadJson" time="2.629" classname="restassuredtest.basicReadtest"/>
  <testcase name="testReadJson" time="1.440" classname="restassuredtest.basicReadtest"/>
  <testcase name="testReadJson" time="1.232" classname="restassuredtest.basicReadtest"/>
</testsuite> <!-- restassuredtest.basicReadtest -->
